2020-03-25 20:39:18 INFO  ReusableMethods:31 - String response: {"status":"OK","place_id":"245d051a08ef56c010bce1187206f157","scope":"APP","reference":"9c271536fa76a976d9ce4799103dc2e29c271536fa76a976d9ce4799103dc2e2","id":"9c271536fa76a976d9ce4799103dc2e2"}
2020-03-25 20:39:19 INFO  ReusableMethods:31 - String response: {"status":"OK","place_id":"245d051a08ef56c010bce1187206f157","scope":"APP","reference":"9c271536fa76a976d9ce4799103dc2e29c271536fa76a976d9ce4799103dc2e2","id":"9c271536fa76a976d9ce4799103dc2e2"}
2020-03-25 20:39:21 INFO  ReusableMethods:31 - String response: {"status":"OK","place_id":"1e1f7ef453a9701a05c29c69ed5b6add","scope":"APP","reference":"368d8c84c808032a96625c428239ecbf368d8c84c808032a96625c428239ecbf","id":"368d8c84c808032a96625c428239ecbf"}
2020-03-25 20:39:21 INFO  ReusableMethods:31 - String response: {"status":"OK","place_id":"1e1f7ef453a9701a05c29c69ed5b6add","scope":"APP","reference":"368d8c84c808032a96625c428239ecbf368d8c84c808032a96625c428239ecbf","id":"368d8c84c808032a96625c428239ecbf"}
2020-03-25 21:21:49 INFO  ReusableMethods:31 - String response: {"status":"OK","place_id":"75c6b8987ac9c1611a4f7faecf532deb","scope":"APP","reference":"7b0d3f773f73ff647f0ff7535b7e373c7b0d3f773f73ff647f0ff7535b7e373c","id":"7b0d3f773f73ff647f0ff7535b7e373c"}
2020-03-25 21:21:49 INFO  ReusableMethods:31 - String response: {"status":"OK","place_id":"75c6b8987ac9c1611a4f7faecf532deb","scope":"APP","reference":"7b0d3f773f73ff647f0ff7535b7e373c7b0d3f773f73ff647f0ff7535b7e373c","id":"7b0d3f773f73ff647f0ff7535b7e373c"}
2020-03-25 21:21:52 INFO  ReusableMethods:31 - String response: {"status":"OK","place_id":"822cd822d1f3069acbba7580a1c41f70","scope":"APP","reference":"a2312858f9d4b9eee9bc2baf0297213da2312858f9d4b9eee9bc2baf0297213d","id":"a2312858f9d4b9eee9bc2baf0297213d"}
2020-03-25 21:21:52 INFO  ReusableMethods:31 - String response: {"status":"OK","place_id":"822cd822d1f3069acbba7580a1c41f70","scope":"APP","reference":"a2312858f9d4b9eee9bc2baf0297213da2312858f9d4b9eee9bc2baf0297213d","id":"a2312858f9d4b9eee9bc2baf0297213d"}
2020-03-28 19:59:19 INFO  ReusableMethods:31 - String response: {"status":"OK","place_id":"d11ffffa6ec08860182169069eb2c1b2","scope":"APP","reference":"3f831c011f475b85b2066e865024d0463f831c011f475b85b2066e865024d046","id":"3f831c011f475b85b2066e865024d046"}
2020-03-28 19:59:19 INFO  ReusableMethods:31 - String response: {"status":"OK","place_id":"d11ffffa6ec08860182169069eb2c1b2","scope":"APP","reference":"3f831c011f475b85b2066e865024d0463f831c011f475b85b2066e865024d046","id":"3f831c011f475b85b2066e865024d046"}
2020-03-28 20:32:31 INFO  ReusableMethods:31 - String response: {"status":"OK","place_id":"e7a2ebcf8e05d679786687377f2e24d3","scope":"APP","reference":"45e00728f45c7b39b985e0c11d48d9f845e00728f45c7b39b985e0c11d48d9f8","id":"45e00728f45c7b39b985e0c11d48d9f8"}
2020-03-28 20:32:32 INFO  ReusableMethods:31 - String response: {"status":"OK","place_id":"e7a2ebcf8e05d679786687377f2e24d3","scope":"APP","reference":"45e00728f45c7b39b985e0c11d48d9f845e00728f45c7b39b985e0c11d48d9f8","id":"45e00728f45c7b39b985e0c11d48d9f8"}
2020-03-28 20:32:32 INFO  ReusableMethods:42 - String response: {"status":"OK","place_id":"e7a2ebcf8e05d679786687377f2e24d3","scope":"APP","reference":"45e00728f45c7b39b985e0c11d48d9f845e00728f45c7b39b985e0c11d48d9f8","id":"45e00728f45c7b39b985e0c11d48d9f8"}
2020-03-28 20:32:34 INFO  ReusableMethods:42 - String response: {"location":{"latitude":"-38.383494","longitude":"-33.427362"},"accuracy":"50","name":"AHouse","phone_number":"(+91) 983 893 3937","address":"World cross center","types":"show park,shop","website":"https:\/\/google.com","language":"English"}
2020-03-28 21:02:40 INFO  ReusableMethods:31 - String response: {"status":"OK","place_id":"a68eb9c3ac47aec3b5375417b59fade2","scope":"APP","reference":"7d7c151bfa160c509657a0511e5d23307d7c151bfa160c509657a0511e5d2330","id":"7d7c151bfa160c509657a0511e5d2330"}
2020-03-28 21:02:40 INFO  ReusableMethods:31 - String response: {"status":"OK","place_id":"a68eb9c3ac47aec3b5375417b59fade2","scope":"APP","reference":"7d7c151bfa160c509657a0511e5d23307d7c151bfa160c509657a0511e5d2330","id":"7d7c151bfa160c509657a0511e5d2330"}
2020-03-28 21:02:40 INFO  ReusableMethods:42 - String response: {"status":"OK","place_id":"a68eb9c3ac47aec3b5375417b59fade2","scope":"APP","reference":"7d7c151bfa160c509657a0511e5d23307d7c151bfa160c509657a0511e5d2330","id":"7d7c151bfa160c509657a0511e5d2330"}
2020-03-28 21:02:42 INFO  ReusableMethods:42 - String response: {"location":{"latitude":"-38.383494","longitude":"-33.427362"},"accuracy":"50","name":"AHouse","phone_number":"(+91) 983 893 3937","address":"World cross center","types":"show park,shop","website":"https:\/\/google.com","language":"English"}
2020-03-28 21:02:44 INFO  ReusableMethods:31 - String response: {"status":"OK","place_id":"55f1548ac94df965899ac889db21d829","scope":"APP","reference":"8c8c05ea73957cd317156321abc0b9e58c8c05ea73957cd317156321abc0b9e5","id":"8c8c05ea73957cd317156321abc0b9e5"}
2020-03-28 21:02:44 INFO  ReusableMethods:31 - String response: {"status":"OK","place_id":"55f1548ac94df965899ac889db21d829","scope":"APP","reference":"8c8c05ea73957cd317156321abc0b9e58c8c05ea73957cd317156321abc0b9e5","id":"8c8c05ea73957cd317156321abc0b9e5"}
2020-03-28 21:02:44 INFO  ReusableMethods:42 - String response: {"status":"OK","place_id":"55f1548ac94df965899ac889db21d829","scope":"APP","reference":"8c8c05ea73957cd317156321abc0b9e58c8c05ea73957cd317156321abc0b9e5","id":"8c8c05ea73957cd317156321abc0b9e5"}
2020-03-28 21:02:46 INFO  ReusableMethods:42 - String response: {"location":{"latitude":"-38.383494","longitude":"-33.427362"},"accuracy":"50","name":"Crystal Palace","phone_number":"(+91) 983 893 3937","address":"Build SP","types":"show park,shop","website":"https:\/\/google.com","language":"PT-BR"}
2020-03-28 21:02:48 INFO  ReusableMethods:31 - String response: {"status":"OK"}
2020-03-30 20:10:20 INFO  ReusableMethods:42 - String response: {"status":"OK","place_id":"78067d535744d08284af198a8d17b210","scope":"APP","reference":"38588c5e76d1e5fce9d1e879541ade7f38588c5e76d1e5fce9d1e879541ade7f","id":"38588c5e76d1e5fce9d1e879541ade7f"}
2020-03-30 20:10:23 INFO  ReusableMethods:42 - String response: {"location":{"latitude":"-38.383494","longitude":"-33.427362"},"accuracy":"50","name":"Covidson","phone_number":"(+91) 983 893 3937","address":"South America","types":"show park,shop","website":"https:\/\/google.com","language":"Brazil"}
2020-03-30 20:10:25 INFO  ReusableMethods:31 - String response: {"status":"OK"}
2020-03-30 20:11:46 INFO  ReusableMethods:31 - String response: {"status":"OK","place_id":"046e694dfc6a8dd558ba899096229f8a","scope":"APP","reference":"a556a1a23e30075ce9c5731ab865ab26a556a1a23e30075ce9c5731ab865ab26","id":"a556a1a23e30075ce9c5731ab865ab26"}
2020-03-30 20:11:47 INFO  ReusableMethods:31 - String response: {"status":"OK","place_id":"046e694dfc6a8dd558ba899096229f8a","scope":"APP","reference":"a556a1a23e30075ce9c5731ab865ab26a556a1a23e30075ce9c5731ab865ab26","id":"a556a1a23e30075ce9c5731ab865ab26"}
2020-03-30 20:11:47 INFO  ReusableMethods:42 - String response: {"status":"OK","place_id":"046e694dfc6a8dd558ba899096229f8a","scope":"APP","reference":"a556a1a23e30075ce9c5731ab865ab26a556a1a23e30075ce9c5731ab865ab26","id":"a556a1a23e30075ce9c5731ab865ab26"}
2020-03-30 20:11:49 INFO  ReusableMethods:42 - String response: {"location":{"latitude":"-38.383494","longitude":"-33.427362"},"accuracy":"50","name":"AHouse","phone_number":"(+91) 983 893 3937","address":"World cross center","types":"show park,shop","website":"https:\/\/google.com","language":"English"}
2020-03-30 20:11:51 INFO  ReusableMethods:31 - String response: {"status":"OK","place_id":"310197c150b25699693ea9e0024c238e","scope":"APP","reference":"5455d6651ba584d0d6d48868cd6aefc65455d6651ba584d0d6d48868cd6aefc6","id":"5455d6651ba584d0d6d48868cd6aefc6"}
2020-03-30 20:11:51 INFO  ReusableMethods:31 - String response: {"status":"OK","place_id":"310197c150b25699693ea9e0024c238e","scope":"APP","reference":"5455d6651ba584d0d6d48868cd6aefc65455d6651ba584d0d6d48868cd6aefc6","id":"5455d6651ba584d0d6d48868cd6aefc6"}
2020-03-30 20:11:51 INFO  ReusableMethods:42 - String response: {"status":"OK","place_id":"310197c150b25699693ea9e0024c238e","scope":"APP","reference":"5455d6651ba584d0d6d48868cd6aefc65455d6651ba584d0d6d48868cd6aefc6","id":"5455d6651ba584d0d6d48868cd6aefc6"}
2020-03-30 20:11:53 INFO  ReusableMethods:42 - String response: {"location":{"latitude":"-38.383494","longitude":"-33.427362"},"accuracy":"50","name":"Crystal Palace","phone_number":"(+91) 983 893 3937","address":"Build SP","types":"show park,shop","website":"https:\/\/google.com","language":"PT-BR"}
2020-03-30 20:11:55 INFO  ReusableMethods:31 - String response: {"status":"OK"}
2020-03-30 20:34:21 INFO  ReusableMethods:31 - String response: {"status":"OK","place_id":"1189ca178476363bcbda58df7c2b5df1","scope":"APP","reference":"2ada149aac9596f349cb4d2286c0a65a2ada149aac9596f349cb4d2286c0a65a","id":"2ada149aac9596f349cb4d2286c0a65a"}
2020-03-30 20:34:22 INFO  ReusableMethods:31 - String response: {"status":"OK","place_id":"1189ca178476363bcbda58df7c2b5df1","scope":"APP","reference":"2ada149aac9596f349cb4d2286c0a65a2ada149aac9596f349cb4d2286c0a65a","id":"2ada149aac9596f349cb4d2286c0a65a"}
2020-03-30 20:34:22 INFO  ReusableMethods:42 - String response: {"status":"OK","place_id":"1189ca178476363bcbda58df7c2b5df1","scope":"APP","reference":"2ada149aac9596f349cb4d2286c0a65a2ada149aac9596f349cb4d2286c0a65a","id":"2ada149aac9596f349cb4d2286c0a65a"}
2020-03-30 20:34:24 INFO  ReusableMethods:42 - String response: {"location":{"latitude":"-38.383494","longitude":"-33.427362"},"accuracy":"50","name":"AHouse","phone_number":"(+91) 983 893 3937","address":"World cross center","types":"show park,shop","website":"https:\/\/google.com","language":"English"}
2020-03-30 20:34:26 INFO  ReusableMethods:31 - String response: {"status":"OK","place_id":"61b6172ee6be84214175fc3fcbcc23a4","scope":"APP","reference":"1e345d05656fc1e63067fc69c31610171e345d05656fc1e63067fc69c3161017","id":"1e345d05656fc1e63067fc69c3161017"}
2020-03-30 20:34:26 INFO  ReusableMethods:31 - String response: {"status":"OK","place_id":"61b6172ee6be84214175fc3fcbcc23a4","scope":"APP","reference":"1e345d05656fc1e63067fc69c31610171e345d05656fc1e63067fc69c3161017","id":"1e345d05656fc1e63067fc69c3161017"}
2020-03-30 20:34:26 INFO  ReusableMethods:42 - String response: {"status":"OK","place_id":"61b6172ee6be84214175fc3fcbcc23a4","scope":"APP","reference":"1e345d05656fc1e63067fc69c31610171e345d05656fc1e63067fc69c3161017","id":"1e345d05656fc1e63067fc69c3161017"}
2020-03-30 20:34:28 INFO  ReusableMethods:42 - String response: {"location":{"latitude":"-38.383494","longitude":"-33.427362"},"accuracy":"50","name":"Crystal Palace","phone_number":"(+91) 983 893 3937","address":"Build SP","types":"show park,shop","website":"https:\/\/google.com","language":"PT-BR"}
2020-03-30 20:34:30 INFO  ReusableMethods:31 - String response: {"status":"OK"}
2020-03-30 21:12:17 INFO  ReusableMethods:31 - String response: {"status":"OK","place_id":"082b03ac5d29b90cbd0265f2a62edf51","scope":"APP","reference":"06a0fa89a4404da63849c67b959020cb06a0fa89a4404da63849c67b959020cb","id":"06a0fa89a4404da63849c67b959020cb"}
2020-03-30 21:12:17 INFO  ReusableMethods:31 - String response: {"status":"OK","place_id":"082b03ac5d29b90cbd0265f2a62edf51","scope":"APP","reference":"06a0fa89a4404da63849c67b959020cb06a0fa89a4404da63849c67b959020cb","id":"06a0fa89a4404da63849c67b959020cb"}
2020-03-30 21:12:17 INFO  ReusableMethods:42 - String response: {"status":"OK","place_id":"082b03ac5d29b90cbd0265f2a62edf51","scope":"APP","reference":"06a0fa89a4404da63849c67b959020cb06a0fa89a4404da63849c67b959020cb","id":"06a0fa89a4404da63849c67b959020cb"}
2020-03-30 21:12:19 INFO  ReusableMethods:42 - String response: {"location":{"latitude":"-38.383494","longitude":"-33.427362"},"accuracy":"50","name":"AHouse","phone_number":"(+91) 983 893 3937","address":"World cross center","types":"show park,shop","website":"https:\/\/google.com","language":"English"}
2020-03-30 21:12:21 INFO  ReusableMethods:31 - String response: {"status":"OK","place_id":"80332a4cc9b1a87796682368fe9d81eb","scope":"APP","reference":"69289c941d8837e8bd8e162e9ae0822369289c941d8837e8bd8e162e9ae08223","id":"69289c941d8837e8bd8e162e9ae08223"}
2020-03-30 21:12:21 INFO  ReusableMethods:31 - String response: {"status":"OK","place_id":"80332a4cc9b1a87796682368fe9d81eb","scope":"APP","reference":"69289c941d8837e8bd8e162e9ae0822369289c941d8837e8bd8e162e9ae08223","id":"69289c941d8837e8bd8e162e9ae08223"}
2020-03-30 21:12:21 INFO  ReusableMethods:42 - String response: {"status":"OK","place_id":"80332a4cc9b1a87796682368fe9d81eb","scope":"APP","reference":"69289c941d8837e8bd8e162e9ae0822369289c941d8837e8bd8e162e9ae08223","id":"69289c941d8837e8bd8e162e9ae08223"}
2020-03-30 21:12:23 INFO  ReusableMethods:42 - String response: {"location":{"latitude":"-38.383494","longitude":"-33.427362"},"accuracy":"50","name":"Crystal Palace","phone_number":"(+91) 983 893 3937","address":"Build SP","types":"show park,shop","website":"https:\/\/google.com","language":"PT-BR"}
2020-03-30 21:12:25 INFO  ReusableMethods:31 - String response: {"status":"OK"}
2020-03-31 21:53:04 INFO  ReusableMethods:31 - String response: {"status":"OK","place_id":"f58e37bb25400bab27755d50f39e8e1b","scope":"APP","reference":"be96236ad568d5ead5a3011ffba58c94be96236ad568d5ead5a3011ffba58c94","id":"be96236ad568d5ead5a3011ffba58c94"}
2020-03-31 21:53:04 INFO  ReusableMethods:31 - String response: {"status":"OK","place_id":"f58e37bb25400bab27755d50f39e8e1b","scope":"APP","reference":"be96236ad568d5ead5a3011ffba58c94be96236ad568d5ead5a3011ffba58c94","id":"be96236ad568d5ead5a3011ffba58c94"}
2020-03-31 21:53:04 INFO  ReusableMethods:42 - String response: {"status":"OK","place_id":"f58e37bb25400bab27755d50f39e8e1b","scope":"APP","reference":"be96236ad568d5ead5a3011ffba58c94be96236ad568d5ead5a3011ffba58c94","id":"be96236ad568d5ead5a3011ffba58c94"}
2020-03-31 21:53:06 INFO  ReusableMethods:42 - String response: {"location":{"latitude":"-38.383494","longitude":"-33.427362"},"accuracy":"50","name":"AHouse","phone_number":"(+91) 983 893 3937","address":"World cross center","types":"show park,shop","website":"https:\/\/google.com","language":"English"}
2020-03-31 21:53:08 INFO  ReusableMethods:31 - String response: {"status":"OK","place_id":"3f96a450058c690b52517803baf4f556","scope":"APP","reference":"a495c613013fa7268a5feec935de3a70a495c613013fa7268a5feec935de3a70","id":"a495c613013fa7268a5feec935de3a70"}
2020-03-31 21:53:08 INFO  ReusableMethods:31 - String response: {"status":"OK","place_id":"3f96a450058c690b52517803baf4f556","scope":"APP","reference":"a495c613013fa7268a5feec935de3a70a495c613013fa7268a5feec935de3a70","id":"a495c613013fa7268a5feec935de3a70"}
2020-03-31 21:53:08 INFO  ReusableMethods:42 - String response: {"status":"OK","place_id":"3f96a450058c690b52517803baf4f556","scope":"APP","reference":"a495c613013fa7268a5feec935de3a70a495c613013fa7268a5feec935de3a70","id":"a495c613013fa7268a5feec935de3a70"}
2020-03-31 21:53:10 INFO  ReusableMethods:42 - String response: {"location":{"latitude":"-38.383494","longitude":"-33.427362"},"accuracy":"50","name":"Crystal Palace","phone_number":"(+91) 983 893 3937","address":"Build SP","types":"show park,shop","website":"https:\/\/google.com","language":"PT-BR"}
2020-03-31 21:53:12 INFO  ReusableMethods:31 - String response: {"status":"OK"}
2020-03-31 21:55:30 INFO  ReusableMethods:31 - String response: {"status":"OK","place_id":"95e7d4e9c7a445ce18349737247ff6b8","scope":"APP","reference":"ad1dde2ca69a337c7c5e4949befecd33ad1dde2ca69a337c7c5e4949befecd33","id":"ad1dde2ca69a337c7c5e4949befecd33"}
2020-03-31 21:55:31 INFO  ReusableMethods:31 - String response: {"status":"OK","place_id":"95e7d4e9c7a445ce18349737247ff6b8","scope":"APP","reference":"ad1dde2ca69a337c7c5e4949befecd33ad1dde2ca69a337c7c5e4949befecd33","id":"ad1dde2ca69a337c7c5e4949befecd33"}
2020-03-31 21:55:31 INFO  ReusableMethods:42 - String response: {"status":"OK","place_id":"95e7d4e9c7a445ce18349737247ff6b8","scope":"APP","reference":"ad1dde2ca69a337c7c5e4949befecd33ad1dde2ca69a337c7c5e4949befecd33","id":"ad1dde2ca69a337c7c5e4949befecd33"}
2020-03-31 21:55:33 INFO  ReusableMethods:42 - String response: {"location":{"latitude":"-38.383494","longitude":"-33.427362"},"accuracy":"50","name":"AHouse","phone_number":"(+91) 983 893 3937","address":"World cross center","types":"show park,shop","website":"https:\/\/google.com","language":"English"}
2020-03-31 21:55:35 INFO  ReusableMethods:31 - String response: {"status":"OK","place_id":"49e35ef6ed6544e3ec594cd3f9457e7d","scope":"APP","reference":"38e9568bfc801e17b877ca39e8e9199038e9568bfc801e17b877ca39e8e91990","id":"38e9568bfc801e17b877ca39e8e91990"}
2020-03-31 21:55:35 INFO  ReusableMethods:31 - String response: {"status":"OK","place_id":"49e35ef6ed6544e3ec594cd3f9457e7d","scope":"APP","reference":"38e9568bfc801e17b877ca39e8e9199038e9568bfc801e17b877ca39e8e91990","id":"38e9568bfc801e17b877ca39e8e91990"}
2020-03-31 21:55:35 INFO  ReusableMethods:42 - String response: {"status":"OK","place_id":"49e35ef6ed6544e3ec594cd3f9457e7d","scope":"APP","reference":"38e9568bfc801e17b877ca39e8e9199038e9568bfc801e17b877ca39e8e91990","id":"38e9568bfc801e17b877ca39e8e91990"}
2020-03-31 21:55:37 INFO  ReusableMethods:42 - String response: {"location":{"latitude":"-38.383494","longitude":"-33.427362"},"accuracy":"50","name":"Crystal Palace","phone_number":"(+91) 983 893 3937","address":"Build SP","types":"show park,shop","website":"https:\/\/google.com","language":"PT-BR"}
2020-03-31 21:55:39 INFO  ReusableMethods:31 - String response: {"status":"OK"}
2020-03-31 22:00:35 INFO  ReusableMethods:31 - String response: {"status":"OK","place_id":"cdb8bb98ab9763098f6127d05324c401","scope":"APP","reference":"59dde6295e1a52e037dc4611006ca1bd59dde6295e1a52e037dc4611006ca1bd","id":"59dde6295e1a52e037dc4611006ca1bd"}
2020-03-31 22:00:35 INFO  ReusableMethods:31 - String response: {"status":"OK","place_id":"cdb8bb98ab9763098f6127d05324c401","scope":"APP","reference":"59dde6295e1a52e037dc4611006ca1bd59dde6295e1a52e037dc4611006ca1bd","id":"59dde6295e1a52e037dc4611006ca1bd"}
2020-03-31 22:00:35 INFO  ReusableMethods:42 - String response: {"status":"OK","place_id":"cdb8bb98ab9763098f6127d05324c401","scope":"APP","reference":"59dde6295e1a52e037dc4611006ca1bd59dde6295e1a52e037dc4611006ca1bd","id":"59dde6295e1a52e037dc4611006ca1bd"}
2020-03-31 22:00:37 INFO  ReusableMethods:42 - String response: {"location":{"latitude":"-38.383494","longitude":"-33.427362"},"accuracy":"50","name":"AHouse","phone_number":"(+91) 983 893 3937","address":"World cross center","types":"show park,shop","website":"https:\/\/google.com","language":"English"}
2020-03-31 22:00:39 INFO  ReusableMethods:31 - String response: {"status":"OK","place_id":"3c6bb8a9e13c1973ff32bd3c69199e89","scope":"APP","reference":"47c60c30b24b54453976776d112b979547c60c30b24b54453976776d112b9795","id":"47c60c30b24b54453976776d112b9795"}
2020-03-31 22:00:39 INFO  ReusableMethods:31 - String response: {"status":"OK","place_id":"3c6bb8a9e13c1973ff32bd3c69199e89","scope":"APP","reference":"47c60c30b24b54453976776d112b979547c60c30b24b54453976776d112b9795","id":"47c60c30b24b54453976776d112b9795"}
2020-03-31 22:00:39 INFO  ReusableMethods:42 - String response: {"status":"OK","place_id":"3c6bb8a9e13c1973ff32bd3c69199e89","scope":"APP","reference":"47c60c30b24b54453976776d112b979547c60c30b24b54453976776d112b9795","id":"47c60c30b24b54453976776d112b9795"}
2020-03-31 22:00:41 INFO  ReusableMethods:42 - String response: {"location":{"latitude":"-38.383494","longitude":"-33.427362"},"accuracy":"50","name":"Crystal Palace","phone_number":"(+91) 983 893 3937","address":"Build SP","types":"show park,shop","website":"https:\/\/google.com","language":"PT-BR"}
2020-03-31 22:00:43 INFO  ReusableMethods:31 - String response: {"status":"OK"}
2020-03-31 22:03:42 INFO  ReusableMethods:31 - String response: {"status":"OK","place_id":"505b8ab1a374236e8403f9afcbe4a0b0","scope":"APP","reference":"c2effb9d3375494ba8735c6376947dc2c2effb9d3375494ba8735c6376947dc2","id":"c2effb9d3375494ba8735c6376947dc2"}
2020-03-31 22:03:42 INFO  ReusableMethods:31 - String response: {"status":"OK","place_id":"505b8ab1a374236e8403f9afcbe4a0b0","scope":"APP","reference":"c2effb9d3375494ba8735c6376947dc2c2effb9d3375494ba8735c6376947dc2","id":"c2effb9d3375494ba8735c6376947dc2"}
2020-03-31 22:03:42 INFO  ReusableMethods:42 - String response: {"status":"OK","place_id":"505b8ab1a374236e8403f9afcbe4a0b0","scope":"APP","reference":"c2effb9d3375494ba8735c6376947dc2c2effb9d3375494ba8735c6376947dc2","id":"c2effb9d3375494ba8735c6376947dc2"}
2020-03-31 22:03:44 INFO  ReusableMethods:42 - String response: {"location":{"latitude":"-38.383494","longitude":"-33.427362"},"accuracy":"50","name":"AHouse","phone_number":"(+91) 983 893 3937","address":"World cross center","types":"show park,shop","website":"https:\/\/google.com","language":"English"}
2020-03-31 22:03:46 INFO  ReusableMethods:31 - String response: {"status":"OK","place_id":"c3ed4ce5d70f764d0fe861c07df05416","scope":"APP","reference":"6e575e4b4baed0921b2f837ef3e670c16e575e4b4baed0921b2f837ef3e670c1","id":"6e575e4b4baed0921b2f837ef3e670c1"}
2020-03-31 22:03:46 INFO  ReusableMethods:31 - String response: {"status":"OK","place_id":"c3ed4ce5d70f764d0fe861c07df05416","scope":"APP","reference":"6e575e4b4baed0921b2f837ef3e670c16e575e4b4baed0921b2f837ef3e670c1","id":"6e575e4b4baed0921b2f837ef3e670c1"}
2020-03-31 22:03:46 INFO  ReusableMethods:42 - String response: {"status":"OK","place_id":"c3ed4ce5d70f764d0fe861c07df05416","scope":"APP","reference":"6e575e4b4baed0921b2f837ef3e670c16e575e4b4baed0921b2f837ef3e670c1","id":"6e575e4b4baed0921b2f837ef3e670c1"}
2020-03-31 22:03:48 INFO  ReusableMethods:42 - String response: {"location":{"latitude":"-38.383494","longitude":"-33.427362"},"accuracy":"50","name":"Crystal Palace","phone_number":"(+91) 983 893 3937","address":"Build SP","types":"show park,shop","website":"https:\/\/google.com","language":"PT-BR"}
2020-03-31 22:03:50 INFO  ReusableMethods:31 - String response: {"status":"OK"}
2020-03-31 22:04:55 INFO  ReusableMethods:31 - String response: {"status":"OK","place_id":"0aa3e7fc418497ea7593fb9d5d395d19","scope":"APP","reference":"acce6e308630fce8e6fa1a669c52eeabacce6e308630fce8e6fa1a669c52eeab","id":"acce6e308630fce8e6fa1a669c52eeab"}
2020-03-31 22:04:56 INFO  ReusableMethods:31 - String response: {"status":"OK","place_id":"0aa3e7fc418497ea7593fb9d5d395d19","scope":"APP","reference":"acce6e308630fce8e6fa1a669c52eeabacce6e308630fce8e6fa1a669c52eeab","id":"acce6e308630fce8e6fa1a669c52eeab"}
2020-03-31 22:04:56 INFO  ReusableMethods:42 - String response: {"status":"OK","place_id":"0aa3e7fc418497ea7593fb9d5d395d19","scope":"APP","reference":"acce6e308630fce8e6fa1a669c52eeabacce6e308630fce8e6fa1a669c52eeab","id":"acce6e308630fce8e6fa1a669c52eeab"}
2020-03-31 22:04:58 INFO  ReusableMethods:42 - String response: {"location":{"latitude":"-38.383494","longitude":"-33.427362"},"accuracy":"50","name":"AHouse","phone_number":"(+91) 983 893 3937","address":"World cross center","types":"show park,shop","website":"https:\/\/google.com","language":"English"}
2020-03-31 22:05:00 INFO  ReusableMethods:31 - String response: {"status":"OK","place_id":"1e6cb21e3fa9ca5ec5713e5402d8d84d","scope":"APP","reference":"0949475fc99ae0fa4213c1ece53a9d830949475fc99ae0fa4213c1ece53a9d83","id":"0949475fc99ae0fa4213c1ece53a9d83"}
2020-03-31 22:05:00 INFO  ReusableMethods:31 - String response: {"status":"OK","place_id":"1e6cb21e3fa9ca5ec5713e5402d8d84d","scope":"APP","reference":"0949475fc99ae0fa4213c1ece53a9d830949475fc99ae0fa4213c1ece53a9d83","id":"0949475fc99ae0fa4213c1ece53a9d83"}
2020-03-31 22:05:00 INFO  ReusableMethods:42 - String response: {"status":"OK","place_id":"1e6cb21e3fa9ca5ec5713e5402d8d84d","scope":"APP","reference":"0949475fc99ae0fa4213c1ece53a9d830949475fc99ae0fa4213c1ece53a9d83","id":"0949475fc99ae0fa4213c1ece53a9d83"}
2020-03-31 22:05:02 INFO  ReusableMethods:42 - String response: {"location":{"latitude":"-38.383494","longitude":"-33.427362"},"accuracy":"50","name":"Crystal Palace","phone_number":"(+91) 983 893 3937","address":"Build SP","types":"show park,shop","website":"https:\/\/google.com","language":"PT-BR"}
2020-03-31 22:05:04 INFO  ReusableMethods:31 - String response: {"status":"OK"}
2020-04-01 21:10:39 INFO  ReusableMethods:31 - String response: {"status":"OK","place_id":"182b87a2a515f4efd8030821aa08ff6d","scope":"APP","reference":"25ac66b3d84e937dafd3145dcbb2be2225ac66b3d84e937dafd3145dcbb2be22","id":"25ac66b3d84e937dafd3145dcbb2be22"}
2020-04-01 21:10:39 INFO  ReusableMethods:31 - String response: {"status":"OK","place_id":"182b87a2a515f4efd8030821aa08ff6d","scope":"APP","reference":"25ac66b3d84e937dafd3145dcbb2be2225ac66b3d84e937dafd3145dcbb2be22","id":"25ac66b3d84e937dafd3145dcbb2be22"}
2020-04-01 21:10:39 INFO  ReusableMethods:42 - String response: {"status":"OK","place_id":"182b87a2a515f4efd8030821aa08ff6d","scope":"APP","reference":"25ac66b3d84e937dafd3145dcbb2be2225ac66b3d84e937dafd3145dcbb2be22","id":"25ac66b3d84e937dafd3145dcbb2be22"}
2020-04-01 21:10:41 INFO  ReusableMethods:42 - String response: {"location":{"latitude":"-38.383494","longitude":"-33.427362"},"accuracy":"50","name":"AHouse","phone_number":"(+91) 983 893 3937","address":"World cross center","types":"show park,shop","website":"https:\/\/google.com","language":"English"}
2020-04-01 21:10:43 INFO  ReusableMethods:31 - String response: {"status":"OK","place_id":"a63e388bbd51512c7bacaa9ebee4e60b","scope":"APP","reference":"0aadee679c7a4a4ffd53caf110afb8fc0aadee679c7a4a4ffd53caf110afb8fc","id":"0aadee679c7a4a4ffd53caf110afb8fc"}
2020-04-01 21:10:43 INFO  ReusableMethods:31 - String response: {"status":"OK","place_id":"a63e388bbd51512c7bacaa9ebee4e60b","scope":"APP","reference":"0aadee679c7a4a4ffd53caf110afb8fc0aadee679c7a4a4ffd53caf110afb8fc","id":"0aadee679c7a4a4ffd53caf110afb8fc"}
2020-04-01 21:10:43 INFO  ReusableMethods:42 - String response: {"status":"OK","place_id":"a63e388bbd51512c7bacaa9ebee4e60b","scope":"APP","reference":"0aadee679c7a4a4ffd53caf110afb8fc0aadee679c7a4a4ffd53caf110afb8fc","id":"0aadee679c7a4a4ffd53caf110afb8fc"}
2020-04-01 21:10:45 INFO  ReusableMethods:42 - String response: {"location":{"latitude":"-38.383494","longitude":"-33.427362"},"accuracy":"50","name":"Crystal Palace","phone_number":"(+91) 983 893 3937","address":"Build SP","types":"show park,shop","website":"https:\/\/google.com","language":"PT-BR"}
2020-04-01 21:10:47 INFO  ReusableMethods:31 - String response: {"status":"OK"}
2020-04-01 21:39:07 INFO  ReusableMethods:31 - String response: {"status":"OK","place_id":"f49a306ffcf02583d63d01b57bd714db","scope":"APP","reference":"61ca077daa9868d4df7d0c4c1371733061ca077daa9868d4df7d0c4c13717330","id":"61ca077daa9868d4df7d0c4c13717330"}
2020-04-01 21:39:08 INFO  ReusableMethods:31 - String response: {"status":"OK","place_id":"f49a306ffcf02583d63d01b57bd714db","scope":"APP","reference":"61ca077daa9868d4df7d0c4c1371733061ca077daa9868d4df7d0c4c13717330","id":"61ca077daa9868d4df7d0c4c13717330"}
2020-04-01 21:39:08 INFO  ReusableMethods:42 - String response: {"status":"OK","place_id":"f49a306ffcf02583d63d01b57bd714db","scope":"APP","reference":"61ca077daa9868d4df7d0c4c1371733061ca077daa9868d4df7d0c4c13717330","id":"61ca077daa9868d4df7d0c4c13717330"}
2020-04-01 21:39:10 INFO  ReusableMethods:42 - String response: {"location":{"latitude":"-38.383494","longitude":"-33.427362"},"accuracy":"50","name":"AHouse","phone_number":"(+91) 983 893 3937","address":"World cross center","types":"show park,shop","website":"https:\/\/google.com","language":"English"}
2020-04-01 21:39:12 INFO  ReusableMethods:31 - String response: {"status":"OK","place_id":"821dec89a1b52e26795d4ae6d80fffda","scope":"APP","reference":"3014047c3ea4d70a8636fa9c77b134d73014047c3ea4d70a8636fa9c77b134d7","id":"3014047c3ea4d70a8636fa9c77b134d7"}
2020-04-01 21:39:12 INFO  ReusableMethods:31 - String response: {"status":"OK","place_id":"821dec89a1b52e26795d4ae6d80fffda","scope":"APP","reference":"3014047c3ea4d70a8636fa9c77b134d73014047c3ea4d70a8636fa9c77b134d7","id":"3014047c3ea4d70a8636fa9c77b134d7"}
2020-04-01 21:39:12 INFO  ReusableMethods:42 - String response: {"status":"OK","place_id":"821dec89a1b52e26795d4ae6d80fffda","scope":"APP","reference":"3014047c3ea4d70a8636fa9c77b134d73014047c3ea4d70a8636fa9c77b134d7","id":"3014047c3ea4d70a8636fa9c77b134d7"}
2020-04-01 21:39:14 INFO  ReusableMethods:42 - String response: {"location":{"latitude":"-38.383494","longitude":"-33.427362"},"accuracy":"50","name":"Crystal Palace","phone_number":"(+91) 983 893 3937","address":"Build SP","types":"show park,shop","website":"https:\/\/google.com","language":"PT-BR"}
2020-04-01 21:39:16 INFO  ReusableMethods:31 - String response: {"status":"OK"}
2020-04-06 20:15:50 INFO  ReusableMethods:31 - String response: {"status":"OK","place_id":"863886acda707cfa14190570a4287b26","scope":"APP","reference":"b1f05bebe1009750fd7ef08c9d6c17c7b1f05bebe1009750fd7ef08c9d6c17c7","id":"b1f05bebe1009750fd7ef08c9d6c17c7"}
2020-04-06 20:15:50 INFO  ReusableMethods:31 - String response: {"status":"OK","place_id":"863886acda707cfa14190570a4287b26","scope":"APP","reference":"b1f05bebe1009750fd7ef08c9d6c17c7b1f05bebe1009750fd7ef08c9d6c17c7","id":"b1f05bebe1009750fd7ef08c9d6c17c7"}
2020-04-06 20:15:50 INFO  ReusableMethods:42 - String response: {"status":"OK","place_id":"863886acda707cfa14190570a4287b26","scope":"APP","reference":"b1f05bebe1009750fd7ef08c9d6c17c7b1f05bebe1009750fd7ef08c9d6c17c7","id":"b1f05bebe1009750fd7ef08c9d6c17c7"}
2020-04-06 20:15:52 INFO  ReusableMethods:42 - String response: {"location":{"latitude":"-38.383494","longitude":"-33.427362"},"accuracy":"50","name":"AHouse","phone_number":"(+91) 983 893 3937","address":"World cross center","types":"show park,shop","website":"https:\/\/google.com","language":"English"}
2020-04-06 20:15:54 INFO  ReusableMethods:31 - String response: {"status":"OK","place_id":"b37cc4356398a7f87bc8b0eea590e52b","scope":"APP","reference":"c616e2bfd61b040c86d1b3fcda1746fac616e2bfd61b040c86d1b3fcda1746fa","id":"c616e2bfd61b040c86d1b3fcda1746fa"}
2020-04-06 20:15:54 INFO  ReusableMethods:31 - String response: {"status":"OK","place_id":"b37cc4356398a7f87bc8b0eea590e52b","scope":"APP","reference":"c616e2bfd61b040c86d1b3fcda1746fac616e2bfd61b040c86d1b3fcda1746fa","id":"c616e2bfd61b040c86d1b3fcda1746fa"}
2020-04-06 20:15:54 INFO  ReusableMethods:42 - String response: {"status":"OK","place_id":"b37cc4356398a7f87bc8b0eea590e52b","scope":"APP","reference":"c616e2bfd61b040c86d1b3fcda1746fac616e2bfd61b040c86d1b3fcda1746fa","id":"c616e2bfd61b040c86d1b3fcda1746fa"}
2020-04-06 20:15:56 INFO  ReusableMethods:42 - String response: {"location":{"latitude":"-38.383494","longitude":"-33.427362"},"accuracy":"50","name":"Crystal Palace","phone_number":"(+91) 983 893 3937","address":"Build SP","types":"show park,shop","website":"https:\/\/google.com","language":"PT-BR"}
2020-04-06 20:15:58 INFO  ReusableMethods:31 - String response: {"status":"OK"}
2020-04-06 20:23:03 INFO  ReusableMethods:31 - String response: {"status":"OK","place_id":"f494e5087899dc8c3a6e631f7af12d44","scope":"APP","reference":"7847e2378b3093dba7cac9e543b6c4a67847e2378b3093dba7cac9e543b6c4a6","id":"7847e2378b3093dba7cac9e543b6c4a6"}
2020-04-06 20:23:03 INFO  ReusableMethods:31 - String response: {"status":"OK","place_id":"f494e5087899dc8c3a6e631f7af12d44","scope":"APP","reference":"7847e2378b3093dba7cac9e543b6c4a67847e2378b3093dba7cac9e543b6c4a6","id":"7847e2378b3093dba7cac9e543b6c4a6"}
2020-04-06 20:23:03 INFO  ReusableMethods:42 - String response: {"status":"OK","place_id":"f494e5087899dc8c3a6e631f7af12d44","scope":"APP","reference":"7847e2378b3093dba7cac9e543b6c4a67847e2378b3093dba7cac9e543b6c4a6","id":"7847e2378b3093dba7cac9e543b6c4a6"}
2020-04-06 20:23:05 INFO  ReusableMethods:42 - String response: {"location":{"latitude":"-38.383494","longitude":"-33.427362"},"accuracy":"50","name":"AHouse","phone_number":"(+91) 983 893 3937","address":"World cross center","types":"show park,shop","website":"https:\/\/google.com","language":"English"}
2020-04-06 20:23:07 INFO  ReusableMethods:31 - String response: {"status":"OK","place_id":"3c83f11782e65102f5780c3ee9e0b8d4","scope":"APP","reference":"89ec3f04273dfddc3ec1027dce8c40b489ec3f04273dfddc3ec1027dce8c40b4","id":"89ec3f04273dfddc3ec1027dce8c40b4"}
2020-04-06 20:23:07 INFO  ReusableMethods:31 - String response: {"status":"OK","place_id":"3c83f11782e65102f5780c3ee9e0b8d4","scope":"APP","reference":"89ec3f04273dfddc3ec1027dce8c40b489ec3f04273dfddc3ec1027dce8c40b4","id":"89ec3f04273dfddc3ec1027dce8c40b4"}
2020-04-06 20:23:07 INFO  ReusableMethods:42 - String response: {"status":"OK","place_id":"3c83f11782e65102f5780c3ee9e0b8d4","scope":"APP","reference":"89ec3f04273dfddc3ec1027dce8c40b489ec3f04273dfddc3ec1027dce8c40b4","id":"89ec3f04273dfddc3ec1027dce8c40b4"}
2020-04-06 20:23:09 INFO  ReusableMethods:42 - String response: {"location":{"latitude":"-38.383494","longitude":"-33.427362"},"accuracy":"50","name":"Crystal Palace","phone_number":"(+91) 983 893 3937","address":"Build SP","types":"show park,shop","website":"https:\/\/google.com","language":"PT-BR"}
2020-04-06 20:23:11 INFO  ReusableMethods:31 - String response: {"status":"OK"}
2020-04-06 20:34:38 INFO  ReusableMethods:31 - String response: {"status":"OK","place_id":"76704f11c2da6527462132c379c0034b","scope":"APP","reference":"bb984a323da68118f3f0c8838ff0cabfbb984a323da68118f3f0c8838ff0cabf","id":"bb984a323da68118f3f0c8838ff0cabf"}
2020-04-06 20:34:38 INFO  ReusableMethods:31 - String response: {"status":"OK","place_id":"76704f11c2da6527462132c379c0034b","scope":"APP","reference":"bb984a323da68118f3f0c8838ff0cabfbb984a323da68118f3f0c8838ff0cabf","id":"bb984a323da68118f3f0c8838ff0cabf"}
2020-04-06 20:34:38 INFO  ReusableMethods:42 - String response: {"status":"OK","place_id":"76704f11c2da6527462132c379c0034b","scope":"APP","reference":"bb984a323da68118f3f0c8838ff0cabfbb984a323da68118f3f0c8838ff0cabf","id":"bb984a323da68118f3f0c8838ff0cabf"}
2020-04-06 20:34:40 INFO  ReusableMethods:42 - String response: {"location":{"latitude":"-38.383494","longitude":"-33.427362"},"accuracy":"50","name":"AHouse","phone_number":"(+91) 983 893 3937","address":"World cross center","types":"show park,shop","website":"https:\/\/google.com","language":"English"}
2020-04-06 20:34:42 INFO  ReusableMethods:31 - String response: {"status":"OK","place_id":"f588b833f41068efa4272d481f4f62c6","scope":"APP","reference":"dafc5eba43509b6d5fc157c35b404c21dafc5eba43509b6d5fc157c35b404c21","id":"dafc5eba43509b6d5fc157c35b404c21"}
2020-04-06 20:34:42 INFO  ReusableMethods:31 - String response: {"status":"OK","place_id":"f588b833f41068efa4272d481f4f62c6","scope":"APP","reference":"dafc5eba43509b6d5fc157c35b404c21dafc5eba43509b6d5fc157c35b404c21","id":"dafc5eba43509b6d5fc157c35b404c21"}
2020-04-06 20:34:42 INFO  ReusableMethods:42 - String response: {"status":"OK","place_id":"f588b833f41068efa4272d481f4f62c6","scope":"APP","reference":"dafc5eba43509b6d5fc157c35b404c21dafc5eba43509b6d5fc157c35b404c21","id":"dafc5eba43509b6d5fc157c35b404c21"}
2020-04-06 20:34:44 INFO  ReusableMethods:42 - String response: {"location":{"latitude":"-38.383494","longitude":"-33.427362"},"accuracy":"50","name":"Crystal Palace","phone_number":"(+91) 983 893 3937","address":"Build SP","types":"show park,shop","website":"https:\/\/google.com","language":"PT-BR"}
